<?xml version="1.0" encoding="UTF-8"?>
<testng-results ignored="0" total="1" passed="1" failed="0" skipped="0">
  <reporter-output>
  </reporter-output>
  <suite started-at="2021-11-10T17:05:09 IST" name="Suite" finished-at="2021-11-10T17:05:09 IST" duration-ms="131">
    <groups>
    </groups>
    <test started-at="2021-11-10T17:05:09 IST" name="Test" finished-at="2021-11-10T17:05:09 IST" duration-ms="131">
      <class name="com.crm.mavenpractice.CreateOrgTest">
        <test-method signature="testOrg()[pri:0, instance:com.crm.mavenpractice.CreateOrgTest@7e5afaa6]" started-at="2021-11-10T17:05:09 IST" name="testOrg" finished-at="2021-11-10T17:05:09 IST" duration-ms="19" status="PASS">
          <reporter-output>
          </reporter-output>
        </test-method> <!-- testOrg -->
      </class> <!-- com.crm.mavenpractice.CreateOrgTest -->
    </test> <!-- Test -->
  </suite> <!-- Suite -->
</testng-results>
