<?xml version="1.0" encoding="UTF-8"?>
<testng-results ignored="0" total="1" passed="1" failed="0" skipped="0">
  <reporter-output>
  </reporter-output>
  <suite started-at="2021-11-12T18:38:33 IST" name="Default suite" finished-at="2021-11-12T18:38:33 IST" duration-ms="104">
    <groups>
    </groups>
    <test started-at="2021-11-12T18:38:33 IST" name="Default test" finished-at="2021-11-12T18:38:33 IST" duration-ms="104">
      <class name="com.crm.mavenpractice.LoginDataTest">
        <test-method signature="testData()[pri:0, instance:com.crm.mavenpractice.LoginDataTest@7e5afaa6]" started-at="2021-11-12T18:38:33 IST" name="testData" finished-at="2021-11-12T18:38:33 IST" duration-ms="16" status="PASS">
          <reporter-output>
          </reporter-output>
        </test-method> <!-- testData -->
      </class> <!-- com.crm.mavenpractice.LoginDataTest -->
    </test> <!-- Default test -->
  </suite> <!-- Default suite -->
</testng-results>
